<?xml version="1.0" encoding="UTF-8"?>
<!-- Generated by org.testng.reporters.JUnitXMLReporter -->
<testsuite ignored="0" hostname="TIAABCP-UNADDSI013L3904534" failures="1" tests="2" name="Test" time="36.286" errors="0" timestamp="2024-10-31T19:18:17 IST">
  <testcase classname="TestCases.TC01_AccountRegistrationTest" name="verify_account_registration" time="0.024"/>
  <testcase classname="TestCases.TC02_LoginTest" name="verifyLogin" time="16.449">
    <failure type="java.lang.AssertionError" message="null">
      <![CDATA[java.lang.AssertionError: null
at TestCases.TC02_LoginTest.verifyLogin(TC02_LoginTest.java:32)
at java.base/java.util.ArrayList.forEach(ArrayList.java:1511)
... Removed 29 stack frames]]>
    </failure>
  </testcase> <!-- verifyLogin -->
</testsuite> <!-- Test -->
